ARM GAS  C:\Users\PCHAUT~1\AppData\Local\Temp\cc13fSDf.s 			page 1


   1              		.cpu cortex-m4
   2              		.eabi_attribute 27, 1
   3              		.eabi_attribute 28, 1
   4              		.eabi_attribute 20, 1
   5              		.eabi_attribute 21, 1
   6              		.eabi_attribute 23, 3
   7              		.eabi_attribute 24, 1
   8              		.eabi_attribute 25, 1
   9              		.eabi_attribute 26, 1
  10              		.eabi_attribute 30, 6
  11              		.eabi_attribute 34, 1
  12              		.eabi_attribute 18, 4
  13              		.file	"DataEEPROM.c"
  14              		.text
  15              	.Ltext0:
  16              		.cfi_sections	.debug_frame
  17              		.section	.text.ReadEE,"ax",%progbits
  18              		.align	1
  19              		.p2align 4,,15
  20              		.global	ReadEE
  21              		.syntax unified
  22              		.thumb
  23              		.thumb_func
  24              		.fpu fpv4-sp-d16
  25              		.type	ReadEE, %function
  26              	ReadEE:
  27              	.LFB0:
  28              		.file 1 "../lib/e-puck2_main-processor/src/epuck1x/DataEEPROM.c"
  29              		.loc 1 3 0
  30              		.cfi_startproc
  31              		@ args = 0, pretend = 0, frame = 24
  32              		@ frame_needed = 0, uses_anonymous_args = 0
  33 0000 00B5     		push	{lr}
  34              		.cfi_def_cfa_offset 4
  35              		.cfi_offset 14, -4
  36 0002 87B0     		sub	sp, sp, #28
  37              		.cfi_def_cfa_offset 32
  38 0004 0390     		str	r0, [sp, #12]
  39 0006 0291     		str	r1, [sp, #8]
  40 0008 0192     		str	r2, [sp, #4]
  41 000a 0093     		str	r3, [sp]
  42              		.loc 1 3 0
  43 000c 0F4B     		ldr	r3, .L6
  44 000e 1B68     		ldr	r3, [r3]
  45 0010 0593     		str	r3, [sp, #20]
  46              		.loc 1 5 0
  47 0012 039B     		ldr	r3, [sp, #12]
  48 0014 7F2B     		cmp	r3, #127
  49 0016 09D1     		bne	.L2
  50              		.loc 1 5 0 is_stmt 0 discriminator 1
  51 0018 029B     		ldr	r3, [sp, #8]
  52 001a 4FF6FE72 		movw	r2, #65534
  53 001e 9342     		cmp	r3, r2
  54 0020 04D1     		bne	.L2
  55              		.loc 1 6 0 is_stmt 1
  56 0022 019B     		ldr	r3, [sp, #4]
  57 0024 4FF6F772 		movw	r2, #65527
ARM GAS  C:\Users\PCHAUT~1\AppData\Local\Temp\cc13fSDf.s 			page 2


  58 0028 1A60     		str	r2, [r3]
  59 002a 02E0     		b	.L3
  60              	.L2:
  61              		.loc 1 9 0
  62 002c 019B     		ldr	r3, [sp, #4]
  63 002e 0022     		movs	r2, #0
  64 0030 1A60     		str	r2, [r3]
  65              	.L3:
  66              		.loc 1 11 0
  67 0032 0023     		movs	r3, #0
  68              		.loc 1 12 0
  69 0034 1846     		mov	r0, r3
  70 0036 054B     		ldr	r3, .L6
  71 0038 059A     		ldr	r2, [sp, #20]
  72 003a 1B68     		ldr	r3, [r3]
  73 003c 9A42     		cmp	r2, r3
  74 003e 01D0     		beq	.L5
  75 0040 FFF7FEFF 		bl	__stack_chk_fail
  76              	.L5:
  77 0044 07B0     		add	sp, sp, #28
  78              		.cfi_def_cfa_offset 4
  79              		@ sp needed
  80 0046 5DF804FB 		ldr	pc, [sp], #4
  81              	.L7:
  82 004a 00BF     		.align	2
  83              	.L6:
  84 004c 00000000 		.word	__stack_chk_guard
  85              		.cfi_endproc
  86              	.LFE0:
  87              		.size	ReadEE, .-ReadEE
  88              		.section	.text.EraseEE,"ax",%progbits
  89              		.align	1
  90              		.p2align 4,,15
  91              		.global	EraseEE
  92              		.syntax unified
  93              		.thumb
  94              		.thumb_func
  95              		.fpu fpv4-sp-d16
  96              		.type	EraseEE, %function
  97              	EraseEE:
  98              	.LFB1:
  99              		.loc 1 14 0
 100              		.cfi_startproc
 101              		@ args = 0, pretend = 0, frame = 24
 102              		@ frame_needed = 0, uses_anonymous_args = 0
 103 0000 00B5     		push	{lr}
 104              		.cfi_def_cfa_offset 4
 105              		.cfi_offset 14, -4
 106 0002 87B0     		sub	sp, sp, #28
 107              		.cfi_def_cfa_offset 32
 108 0004 0390     		str	r0, [sp, #12]
 109 0006 0291     		str	r1, [sp, #8]
 110 0008 0192     		str	r2, [sp, #4]
 111              		.loc 1 14 0
 112 000a 074B     		ldr	r3, .L11
 113 000c 1B68     		ldr	r3, [r3]
 114 000e 0593     		str	r3, [sp, #20]
ARM GAS  C:\Users\PCHAUT~1\AppData\Local\Temp\cc13fSDf.s 			page 3


 115              		.loc 1 18 0
 116 0010 0023     		movs	r3, #0
 117              		.loc 1 19 0
 118 0012 1846     		mov	r0, r3
 119 0014 044B     		ldr	r3, .L11
 120 0016 059A     		ldr	r2, [sp, #20]
 121 0018 1B68     		ldr	r3, [r3]
 122 001a 9A42     		cmp	r2, r3
 123 001c 01D0     		beq	.L10
 124 001e FFF7FEFF 		bl	__stack_chk_fail
 125              	.L10:
 126 0022 07B0     		add	sp, sp, #28
 127              		.cfi_def_cfa_offset 4
 128              		@ sp needed
 129 0024 5DF804FB 		ldr	pc, [sp], #4
 130              	.L12:
 131              		.align	2
 132              	.L11:
 133 0028 00000000 		.word	__stack_chk_guard
 134              		.cfi_endproc
 135              	.LFE1:
 136              		.size	EraseEE, .-EraseEE
 137              		.section	.text.WriteEE,"ax",%progbits
 138              		.align	1
 139              		.p2align 4,,15
 140              		.global	WriteEE
 141              		.syntax unified
 142              		.thumb
 143              		.thumb_func
 144              		.fpu fpv4-sp-d16
 145              		.type	WriteEE, %function
 146              	WriteEE:
 147              	.LFB2:
 148              		.loc 1 21 0
 149              		.cfi_startproc
 150              		@ args = 0, pretend = 0, frame = 24
 151              		@ frame_needed = 0, uses_anonymous_args = 0
 152 0000 00B5     		push	{lr}
 153              		.cfi_def_cfa_offset 4
 154              		.cfi_offset 14, -4
 155 0002 87B0     		sub	sp, sp, #28
 156              		.cfi_def_cfa_offset 32
 157 0004 0390     		str	r0, [sp, #12]
 158 0006 0291     		str	r1, [sp, #8]
 159 0008 0192     		str	r2, [sp, #4]
 160 000a 0093     		str	r3, [sp]
 161              		.loc 1 21 0
 162 000c 074B     		ldr	r3, .L16
 163 000e 1B68     		ldr	r3, [r3]
 164 0010 0593     		str	r3, [sp, #20]
 165              		.loc 1 26 0
 166 0012 0023     		movs	r3, #0
 167              		.loc 1 27 0
 168 0014 1846     		mov	r0, r3
 169 0016 054B     		ldr	r3, .L16
 170 0018 059A     		ldr	r2, [sp, #20]
 171 001a 1B68     		ldr	r3, [r3]
ARM GAS  C:\Users\PCHAUT~1\AppData\Local\Temp\cc13fSDf.s 			page 4


 172 001c 9A42     		cmp	r2, r3
 173 001e 01D0     		beq	.L15
 174 0020 FFF7FEFF 		bl	__stack_chk_fail
 175              	.L15:
 176 0024 07B0     		add	sp, sp, #28
 177              		.cfi_def_cfa_offset 4
 178              		@ sp needed
 179 0026 5DF804FB 		ldr	pc, [sp], #4
 180              	.L17:
 181 002a 00BF     		.align	2
 182              	.L16:
 183 002c 00000000 		.word	__stack_chk_guard
 184              		.cfi_endproc
 185              	.LFE2:
 186              		.size	WriteEE, .-WriteEE
 187              		.text
 188              	.Letext0:
 189              		.section	.debug_info,"",%progbits
 190              	.Ldebug_info0:
 191 0000 13010000 		.4byte	0x113
 192 0004 0400     		.2byte	0x4
 193 0006 00000000 		.4byte	.Ldebug_abbrev0
 194 000a 04       		.byte	0x4
 195 000b 01       		.uleb128 0x1
 196 000c 50000000 		.4byte	.LASF7
 197 0010 0C       		.byte	0xc
 198 0011 B6010000 		.4byte	.LASF8
 199 0015 15000000 		.4byte	.LASF9
 200 0019 00000000 		.4byte	.Ldebug_ranges0+0
 201 001d 00000000 		.4byte	0
 202 0021 00000000 		.4byte	.Ldebug_line0
 203 0025 02       		.uleb128 0x2
 204 0026 05000000 		.4byte	.LASF4
 205 002a 01       		.byte	0x1
 206 002b 15       		.byte	0x15
 207 002c 77000000 		.4byte	0x77
 208 0030 00000000 		.4byte	.LFB2
 209 0034 30000000 		.4byte	.LFE2-.LFB2
 210 0038 01       		.uleb128 0x1
 211 0039 9C       		.byte	0x9c
 212 003a 77000000 		.4byte	0x77
 213 003e 03       		.uleb128 0x3
 214 003f 94010000 		.4byte	.LASF0
 215 0043 01       		.byte	0x1
 216 0044 15       		.byte	0x15
 217 0045 7E000000 		.4byte	0x7e
 218 0049 02       		.uleb128 0x2
 219 004a 91       		.byte	0x91
 220 004b 6C       		.sleb128 -20
 221 004c 03       		.uleb128 0x3
 222 004d 00000000 		.4byte	.LASF1
 223 0051 01       		.byte	0x1
 224 0052 15       		.byte	0x15
 225 0053 77000000 		.4byte	0x77
 226 0057 02       		.uleb128 0x2
 227 0058 91       		.byte	0x91
 228 0059 68       		.sleb128 -24
ARM GAS  C:\Users\PCHAUT~1\AppData\Local\Temp\cc13fSDf.s 			page 5


 229 005a 03       		.uleb128 0x3
 230 005b 9B010000 		.4byte	.LASF2
 231 005f 01       		.byte	0x1
 232 0060 15       		.byte	0x15
 233 0061 77000000 		.4byte	0x77
 234 0065 02       		.uleb128 0x2
 235 0066 91       		.byte	0x91
 236 0067 64       		.sleb128 -28
 237 0068 03       		.uleb128 0x3
 238 0069 A2010000 		.4byte	.LASF3
 239 006d 01       		.byte	0x1
 240 006e 15       		.byte	0x15
 241 006f 77000000 		.4byte	0x77
 242 0073 02       		.uleb128 0x2
 243 0074 91       		.byte	0x91
 244 0075 60       		.sleb128 -32
 245 0076 00       		.byte	0
 246 0077 04       		.uleb128 0x4
 247 0078 04       		.byte	0x4
 248 0079 05       		.byte	0x5
 249 007a 696E7400 		.ascii	"int\000"
 250 007e 05       		.uleb128 0x5
 251 007f 04       		.byte	0x4
 252 0080 77000000 		.4byte	0x77
 253 0084 02       		.uleb128 0x2
 254 0085 0D000000 		.4byte	.LASF5
 255 0089 01       		.byte	0x1
 256 008a 0E       		.byte	0xe
 257 008b 77000000 		.4byte	0x77
 258 008f 00000000 		.4byte	.LFB1
 259 0093 2C000000 		.4byte	.LFE1-.LFB1
 260 0097 01       		.uleb128 0x1
 261 0098 9C       		.byte	0x9c
 262 0099 C8000000 		.4byte	0xc8
 263 009d 03       		.uleb128 0x3
 264 009e 00000000 		.4byte	.LASF1
 265 00a2 01       		.byte	0x1
 266 00a3 0E       		.byte	0xe
 267 00a4 77000000 		.4byte	0x77
 268 00a8 02       		.uleb128 0x2
 269 00a9 91       		.byte	0x91
 270 00aa 6C       		.sleb128 -20
 271 00ab 03       		.uleb128 0x3
 272 00ac 9B010000 		.4byte	.LASF2
 273 00b0 01       		.byte	0x1
 274 00b1 0E       		.byte	0xe
 275 00b2 77000000 		.4byte	0x77
 276 00b6 02       		.uleb128 0x2
 277 00b7 91       		.byte	0x91
 278 00b8 68       		.sleb128 -24
 279 00b9 03       		.uleb128 0x3
 280 00ba A2010000 		.4byte	.LASF3
 281 00be 01       		.byte	0x1
 282 00bf 0E       		.byte	0xe
 283 00c0 77000000 		.4byte	0x77
 284 00c4 02       		.uleb128 0x2
 285 00c5 91       		.byte	0x91
ARM GAS  C:\Users\PCHAUT~1\AppData\Local\Temp\cc13fSDf.s 			page 6


 286 00c6 64       		.sleb128 -28
 287 00c7 00       		.byte	0
 288 00c8 06       		.uleb128 0x6
 289 00c9 A7010000 		.4byte	.LASF10
 290 00cd 01       		.byte	0x1
 291 00ce 03       		.byte	0x3
 292 00cf 77000000 		.4byte	0x77
 293 00d3 00000000 		.4byte	.LFB0
 294 00d7 50000000 		.4byte	.LFE0-.LFB0
 295 00db 01       		.uleb128 0x1
 296 00dc 9C       		.byte	0x9c
 297 00dd 03       		.uleb128 0x3
 298 00de 00000000 		.4byte	.LASF1
 299 00e2 01       		.byte	0x1
 300 00e3 03       		.byte	0x3
 301 00e4 77000000 		.4byte	0x77
 302 00e8 02       		.uleb128 0x2
 303 00e9 91       		.byte	0x91
 304 00ea 6C       		.sleb128 -20
 305 00eb 03       		.uleb128 0x3
 306 00ec 9B010000 		.4byte	.LASF2
 307 00f0 01       		.byte	0x1
 308 00f1 03       		.byte	0x3
 309 00f2 77000000 		.4byte	0x77
 310 00f6 02       		.uleb128 0x2
 311 00f7 91       		.byte	0x91
 312 00f8 68       		.sleb128 -24
 313 00f9 03       		.uleb128 0x3
 314 00fa AE010000 		.4byte	.LASF6
 315 00fe 01       		.byte	0x1
 316 00ff 03       		.byte	0x3
 317 0100 7E000000 		.4byte	0x7e
 318 0104 02       		.uleb128 0x2
 319 0105 91       		.byte	0x91
 320 0106 64       		.sleb128 -28
 321 0107 03       		.uleb128 0x3
 322 0108 A2010000 		.4byte	.LASF3
 323 010c 01       		.byte	0x1
 324 010d 03       		.byte	0x3
 325 010e 77000000 		.4byte	0x77
 326 0112 02       		.uleb128 0x2
 327 0113 91       		.byte	0x91
 328 0114 60       		.sleb128 -32
 329 0115 00       		.byte	0
 330 0116 00       		.byte	0
 331              		.section	.debug_abbrev,"",%progbits
 332              	.Ldebug_abbrev0:
 333 0000 01       		.uleb128 0x1
 334 0001 11       		.uleb128 0x11
 335 0002 01       		.byte	0x1
 336 0003 25       		.uleb128 0x25
 337 0004 0E       		.uleb128 0xe
 338 0005 13       		.uleb128 0x13
 339 0006 0B       		.uleb128 0xb
 340 0007 03       		.uleb128 0x3
 341 0008 0E       		.uleb128 0xe
 342 0009 1B       		.uleb128 0x1b
ARM GAS  C:\Users\PCHAUT~1\AppData\Local\Temp\cc13fSDf.s 			page 7


 343 000a 0E       		.uleb128 0xe
 344 000b 55       		.uleb128 0x55
 345 000c 17       		.uleb128 0x17
 346 000d 11       		.uleb128 0x11
 347 000e 01       		.uleb128 0x1
 348 000f 10       		.uleb128 0x10
 349 0010 17       		.uleb128 0x17
 350 0011 00       		.byte	0
 351 0012 00       		.byte	0
 352 0013 02       		.uleb128 0x2
 353 0014 2E       		.uleb128 0x2e
 354 0015 01       		.byte	0x1
 355 0016 3F       		.uleb128 0x3f
 356 0017 19       		.uleb128 0x19
 357 0018 03       		.uleb128 0x3
 358 0019 0E       		.uleb128 0xe
 359 001a 3A       		.uleb128 0x3a
 360 001b 0B       		.uleb128 0xb
 361 001c 3B       		.uleb128 0x3b
 362 001d 0B       		.uleb128 0xb
 363 001e 27       		.uleb128 0x27
 364 001f 19       		.uleb128 0x19
 365 0020 49       		.uleb128 0x49
 366 0021 13       		.uleb128 0x13
 367 0022 11       		.uleb128 0x11
 368 0023 01       		.uleb128 0x1
 369 0024 12       		.uleb128 0x12
 370 0025 06       		.uleb128 0x6
 371 0026 40       		.uleb128 0x40
 372 0027 18       		.uleb128 0x18
 373 0028 9642     		.uleb128 0x2116
 374 002a 19       		.uleb128 0x19
 375 002b 01       		.uleb128 0x1
 376 002c 13       		.uleb128 0x13
 377 002d 00       		.byte	0
 378 002e 00       		.byte	0
 379 002f 03       		.uleb128 0x3
 380 0030 05       		.uleb128 0x5
 381 0031 00       		.byte	0
 382 0032 03       		.uleb128 0x3
 383 0033 0E       		.uleb128 0xe
 384 0034 3A       		.uleb128 0x3a
 385 0035 0B       		.uleb128 0xb
 386 0036 3B       		.uleb128 0x3b
 387 0037 0B       		.uleb128 0xb
 388 0038 49       		.uleb128 0x49
 389 0039 13       		.uleb128 0x13
 390 003a 02       		.uleb128 0x2
 391 003b 18       		.uleb128 0x18
 392 003c 00       		.byte	0
 393 003d 00       		.byte	0
 394 003e 04       		.uleb128 0x4
 395 003f 24       		.uleb128 0x24
 396 0040 00       		.byte	0
 397 0041 0B       		.uleb128 0xb
 398 0042 0B       		.uleb128 0xb
 399 0043 3E       		.uleb128 0x3e
ARM GAS  C:\Users\PCHAUT~1\AppData\Local\Temp\cc13fSDf.s 			page 8


 400 0044 0B       		.uleb128 0xb
 401 0045 03       		.uleb128 0x3
 402 0046 08       		.uleb128 0x8
 403 0047 00       		.byte	0
 404 0048 00       		.byte	0
 405 0049 05       		.uleb128 0x5
 406 004a 0F       		.uleb128 0xf
 407 004b 00       		.byte	0
 408 004c 0B       		.uleb128 0xb
 409 004d 0B       		.uleb128 0xb
 410 004e 49       		.uleb128 0x49
 411 004f 13       		.uleb128 0x13
 412 0050 00       		.byte	0
 413 0051 00       		.byte	0
 414 0052 06       		.uleb128 0x6
 415 0053 2E       		.uleb128 0x2e
 416 0054 01       		.byte	0x1
 417 0055 3F       		.uleb128 0x3f
 418 0056 19       		.uleb128 0x19
 419 0057 03       		.uleb128 0x3
 420 0058 0E       		.uleb128 0xe
 421 0059 3A       		.uleb128 0x3a
 422 005a 0B       		.uleb128 0xb
 423 005b 3B       		.uleb128 0x3b
 424 005c 0B       		.uleb128 0xb
 425 005d 27       		.uleb128 0x27
 426 005e 19       		.uleb128 0x19
 427 005f 49       		.uleb128 0x49
 428 0060 13       		.uleb128 0x13
 429 0061 11       		.uleb128 0x11
 430 0062 01       		.uleb128 0x1
 431 0063 12       		.uleb128 0x12
 432 0064 06       		.uleb128 0x6
 433 0065 40       		.uleb128 0x40
 434 0066 18       		.uleb128 0x18
 435 0067 9642     		.uleb128 0x2116
 436 0069 19       		.uleb128 0x19
 437 006a 00       		.byte	0
 438 006b 00       		.byte	0
 439 006c 00       		.byte	0
 440              		.section	.debug_aranges,"",%progbits
 441 0000 2C000000 		.4byte	0x2c
 442 0004 0200     		.2byte	0x2
 443 0006 00000000 		.4byte	.Ldebug_info0
 444 000a 04       		.byte	0x4
 445 000b 00       		.byte	0
 446 000c 0000     		.2byte	0
 447 000e 0000     		.2byte	0
 448 0010 00000000 		.4byte	.LFB0
 449 0014 50000000 		.4byte	.LFE0-.LFB0
 450 0018 00000000 		.4byte	.LFB1
 451 001c 2C000000 		.4byte	.LFE1-.LFB1
 452 0020 00000000 		.4byte	.LFB2
 453 0024 30000000 		.4byte	.LFE2-.LFB2
 454 0028 00000000 		.4byte	0
 455 002c 00000000 		.4byte	0
 456              		.section	.debug_ranges,"",%progbits
ARM GAS  C:\Users\PCHAUT~1\AppData\Local\Temp\cc13fSDf.s 			page 9


 457              	.Ldebug_ranges0:
 458 0000 00000000 		.4byte	.LFB0
 459 0004 50000000 		.4byte	.LFE0
 460 0008 00000000 		.4byte	.LFB1
 461 000c 2C000000 		.4byte	.LFE1
 462 0010 00000000 		.4byte	.LFB2
 463 0014 30000000 		.4byte	.LFE2
 464 0018 00000000 		.4byte	0
 465 001c 00000000 		.4byte	0
 466              		.section	.debug_line,"",%progbits
 467              	.Ldebug_line0:
 468 0000 91000000 		.section	.debug_str,"MS",%progbits,1
 468      02004D00 
 468      00000201 
 468      FB0E0D00 
 468      01010101 
 469              	.LASF1:
 470 0000 50616765 		.ascii	"Page\000"
 470      00
 471              	.LASF4:
 472 0005 57726974 		.ascii	"WriteEE\000"
 472      65454500 
 473              	.LASF5:
 474 000d 45726173 		.ascii	"EraseEE\000"
 474      65454500 
 475              	.LASF9:
 476 0015 433A5C55 		.ascii	"C:\\Users\\Pchautems\\Documents\\RobotiqueTP\\Proje"
 476      73657273 
 476      5C506368 
 476      61757465 
 476      6D735C44 
 477 0043 745C6D69 		.ascii	"t\\miniprojet\000"
 477      6E697072 
 477      6F6A6574 
 477      00
 478              	.LASF7:
 479 0050 474E5520 		.ascii	"GNU C11 7.2.1 20170904 (release) [ARM/embedded-7-br"
 479      43313120 
 479      372E322E 
 479      31203230 
 479      31373039 
 480 0083 616E6368 		.ascii	"anch revision 255204] -mcpu=cortex-m4 -mfloat-abi=h"
 480      20726576 
 480      6973696F 
 480      6E203235 
 480      35323034 
 481 00b6 61726420 		.ascii	"ard -mfpu=fpv4-sp-d16 -mno-thumb-interwork -mthumb "
 481      2D6D6670 
 481      753D6670 
 481      76342D73 
 481      702D6431 
 482 00e9 2D676764 		.ascii	"-ggdb -O0 -fomit-frame-pointer -falign-functions=16"
 482      62202D4F 
 482      30202D66 
 482      6F6D6974 
 482      2D667261 
 483 011c 202D666E 		.ascii	" -fno-strict-aliasing -fstack-protector-all -ffunct"
ARM GAS  C:\Users\PCHAUT~1\AppData\Local\Temp\cc13fSDf.s 			page 10


 483      6F2D7374 
 483      72696374 
 483      2D616C69 
 483      6173696E 
 484 014f 696F6E2D 		.ascii	"ion-sections -fdata-sections -fno-common -fsingle-p"
 484      73656374 
 484      696F6E73 
 484      202D6664 
 484      6174612D 
 485 0182 72656369 		.ascii	"recision-constant\000"
 485      73696F6E 
 485      2D636F6E 
 485      7374616E 
 485      7400
 486              	.LASF0:
 487 0194 44617461 		.ascii	"DataIn\000"
 487      496E00
 488              	.LASF2:
 489 019b 4F666673 		.ascii	"Offset\000"
 489      657400
 490              	.LASF3:
 491 01a2 53697A65 		.ascii	"Size\000"
 491      00
 492              	.LASF10:
 493 01a7 52656164 		.ascii	"ReadEE\000"
 493      454500
 494              	.LASF6:
 495 01ae 44617461 		.ascii	"DataOut\000"
 495      4F757400 
 496              	.LASF8:
 497 01b6 2E2E2F6C 		.ascii	"../lib/e-puck2_main-processor/src/epuck1x/DataEEPRO"
 497      69622F65 
 497      2D707563 
 497      6B325F6D 
 497      61696E2D 
 498 01e9 4D2E6300 		.ascii	"M.c\000"
 499              		.ident	"GCC: (GNU Tools for Arm Embedded Processors 7-2017-q4-major) 7.2.1 20170904 (release) [ARM
ARM GAS  C:\Users\PCHAUT~1\AppData\Local\Temp\cc13fSDf.s 			page 11


DEFINED SYMBOLS
                            *ABS*:00000000 DataEEPROM.c
C:\Users\PCHAUT~1\AppData\Local\Temp\cc13fSDf.s:18     .text.ReadEE:00000000 $t
C:\Users\PCHAUT~1\AppData\Local\Temp\cc13fSDf.s:26     .text.ReadEE:00000000 ReadEE
C:\Users\PCHAUT~1\AppData\Local\Temp\cc13fSDf.s:84     .text.ReadEE:0000004c $d
C:\Users\PCHAUT~1\AppData\Local\Temp\cc13fSDf.s:89     .text.EraseEE:00000000 $t
C:\Users\PCHAUT~1\AppData\Local\Temp\cc13fSDf.s:97     .text.EraseEE:00000000 EraseEE
C:\Users\PCHAUT~1\AppData\Local\Temp\cc13fSDf.s:133    .text.EraseEE:00000028 $d
C:\Users\PCHAUT~1\AppData\Local\Temp\cc13fSDf.s:138    .text.WriteEE:00000000 $t
C:\Users\PCHAUT~1\AppData\Local\Temp\cc13fSDf.s:146    .text.WriteEE:00000000 WriteEE
C:\Users\PCHAUT~1\AppData\Local\Temp\cc13fSDf.s:183    .text.WriteEE:0000002c $d

UNDEFINED SYMBOLS
__stack_chk_fail
__stack_chk_guard
